<?xml version="1.0" encoding="UTF-8"?>
<testng-results skipped="0" failed="0" total="2" passed="2">
  <reporter-output>
  </reporter-output>
  <suite name="atlassian.UITest" duration-ms="115274" started-at="2016-09-25T10:25:02Z" finished-at="2016-09-25T10:26:57Z">
    <groups>
    </groups>
    <test name="Command line test" duration-ms="115274" started-at="2016-09-25T10:25:02Z" finished-at="2016-09-25T10:26:57Z">
      <class name="atlassian.UITest">
        <test-method status="PASS" signature="createNewBlankPage()[pri:0, instance:atlassian.UITest@2accdbb5]" name="createNewBlankPage" duration-ms="61388" started-at="2016-09-25T15:55:02Z" finished-at="2016-09-25T15:56:04Z">
          <reporter-output>
          </reporter-output>
        </test-method> <!-- createNewBlankPage -->
        <test-method status="PASS" signature="testRestrictions()[pri:0, instance:atlassian.UITest@2accdbb5]" name="testRestrictions" duration-ms="53853" started-at="2016-09-25T15:56:04Z" depends-on-methods="atlassian.UITest.createNewBlankPage" finished-at="2016-09-25T15:56:57Z">
          <reporter-output>
          </reporter-output>
        </test-method> <!-- testRestrictions -->
      </class> <!-- atlassian.UITest -->
    </test> <!-- Command line test -->
  </suite> <!-- atlassian.UITest -->
</testng-results>
